<?xml version="1.0" encoding="UTF-8"?>
<testsuite name="Login" tests="1" skipped="0" failures="0" errors="0" timestamp="2023-09-19T17:05:31" hostname="LAPTOP-DASABUPE" time="0.816">
  <properties/>
  <testcase name="Successful login" classname="Login" time="0.816"/>
  <system-out><![CDATA[]]></system-out>
  <system-err><![CDATA[[Test worker] INFO io.cucumber.core.plugin.SerenityReporter - Running feature from file:///C:/Users/57305/Documents/Automatizacion%20de%20pruebas/bonbonite/Bon-Bonnite/untitled/src/test/resources/features/login.feature
[Test worker] INFO  - 
  _____   ___   ___   _____     ___   _____     _     ___   _____   ___   ___  
 |_   _| | __| / __| |_   _|   / __| |_   _|   /_\   | _ \ |_   _| | __| |   \ 
   | |   | _|  \__ \   | |     \__ \   | |    / _ \  |   /   | |   | _|  | |) |
   |_|   |___| |___/   |_|     |___/   |_|   /_/ \_\ |_|_\   |_|   |___| |___/ 

Successful login(login;successful-login)
--------------------------------------------------------------------------------
[Test worker] INFO  - 
  _____   ___   ___   _____     ___     _     ___   ___   ___   ___  
 |_   _| | __| / __| |_   _|   | _ \   /_\   / __| / __| | __| |   \ 
   | |   | _|  \__ \   | |     |  _/  / _ \  \__ \ \__ \ | _|  | |) |
   |_|   |___| |___/   |_|     |_|   /_/ \_\ |___/ |___/ |___| |___/ 

Successful login
----------------------------------------------------------------------
]]></system-err>
</testsuite>
