<?xml version="1.0" encoding="UTF-8"?>
<<<<<<< HEAD:untitled/build/test-results/test/TEST-Register.xml
<testsuite name="Register" tests="1" skipped="0" failures="0" errors="0" timestamp="2023-09-19T17:34:37" hostname="DESKTOP-0AB3449" time="28.722">
  <properties/>
  <testcase name="Register Successful" classname="Register" time="28.722"/>
  <system-out><![CDATA[]]></system-out>
  <system-err><![CDATA[[Test worker] INFO io.cucumber.core.plugin.SerenityReporter - Running feature from file:///C:/Users/User/Documents/GitHub/Automatizacion-Selenium/ScreenPlay/Projects/RepoSenaSoft/Bon-Bonnite/untitled/src/test/resources/features/register.feature
[Test worker] WARN io.cucumber.core.plugin.SerenityReporter - Feature from file:///C:/Users/User/Documents/GitHub/Automatizacion-Selenium/ScreenPlay/Projects/RepoSenaSoft/Bon-Bonnite/untitled/src/test/resources/features/register.feature is not under the 'features' directory. Requirements report will not be correctly generated!
=======
<testsuite name="Login" tests="1" skipped="0" failures="0" errors="0" timestamp="2023-09-19T17:28:38" hostname="LAPTOP-DASABUPE" time="33.57">
  <properties/>
  <testcase name="Successful login" classname="Login" time="33.57"/>
  <system-out><![CDATA[Step argument class io.cucumber.core.gherkin.messages.GherkinMessagesDataTableArgument
]]></system-out>
  <system-err><![CDATA[[Test worker] INFO io.cucumber.core.plugin.SerenityReporter - Running feature from file:///C:/Users/57305/Documents/Automatizacion%20de%20pruebas/bonbonite/Bon-Bonnite/untitled/src/test/resources/features/login.feature
[Test worker] WARN io.cucumber.core.plugin.SerenityReporter - Feature from file:///C:/Users/57305/Documents/Automatizacion%20de%20pruebas/bonbonite/Bon-Bonnite/untitled/src/test/resources/features/login.feature is not under the 'features' directory. Requirements report will not be correctly generated!
>>>>>>> c0c8e0ab06fe063e6e0e5058b126c60785b3722c:untitled/build/test-results/test/TEST-Login.xml
[Test worker] INFO  - 
  _____   ___   ___   _____     ___   _____     _     ___   _____   ___   ___  
 |_   _| | __| / __| |_   _|   / __| |_   _|   /_\   | _ \ |_   _| | __| |   \ 
   | |   | _|  \__ \   | |     \__ \   | |    / _ \  |   /   | |   | _|  | |) |
   |_|   |___| |___/   |_|     |___/   |_|   /_/ \_\ |_|_\   |_|   |___| |___/ 

Register Successful(register;register-successful)
--------------------------------------------------------------------------------
[Test worker] INFO net.serenitybdd.core.webdriver.driverproviders.ChromeDriverProvider - Using automatically driver download
[Test worker] ERROR io.github.bonigarcia.wdm.online.HttpClient - Error HTTP 404 executing https://chromedriver.storage.googleapis.com/LATEST_RELEASE_117
[Test worker] WARN io.github.bonigarcia.wdm.versions.VersionDetector - Exception reading https://chromedriver.storage.googleapis.com/LATEST_RELEASE_117 to get latest version of chromedriver (Error HTTP 404 executing https://chromedriver.storage.googleapis.com/LATEST_RELEASE_117)
[Test worker] INFO io.github.bonigarcia.wdm.WebDriverManager - Exporting webdriver.chrome.driver as C:\Users\User\.cache\selenium\chromedriver\win32\114.0.5735.90\chromedriver.exe
[Test worker] INFO net.serenitybdd.core.webdriver.driverproviders.ProvideNewDriver - Instantiating driver
[Test worker] INFO net.serenitybdd.core.webdriver.driverproviders.ProvideNewDriver - Driver capabilities: Capabilities {acceptInsecureCerts: false, browserName: chrome, chrome.switches: --start-maximized, goog:chromeOptions: {args: [--start-maximized], extensions: []}, loggingPrefs: org.openqa.selenium.logging...}
<<<<<<< HEAD:untitled/build/test-results/test/TEST-Register.xml
Starting ChromeDriver 117.0.5938.88 (be6afae4721209be42944bbcd325665f9f44563b-refs/branch-heads/5938_62@{#9}) on port 9469
Only local connections are allowed.
Please see https://chromedriver.chromium.org/security-considerations for suggestions on keeping ChromeDriver safe.
ChromeDriver was started successfully.
sep 19, 2023 12:34:49 P. M. org.openqa.selenium.remote.ProtocolHandshake createSession
=======
Starting ChromeDriver 117.0.5938.88 (be6afae4721209be42944bbcd325665f9f44563b-refs/branch-heads/5938_62@{#9}) on port 61574
Only local connections are allowed.
Please see https://chromedriver.chromium.org/security-considerations for suggestions on keeping ChromeDriver safe.
ChromeDriver was started successfully.
sept. 19, 2023 12:28:44 P. M. org.openqa.selenium.remote.ProtocolHandshake createSession
>>>>>>> c0c8e0ab06fe063e6e0e5058b126c60785b3722c:untitled/build/test-results/test/TEST-Login.xml
INFORMACIÃ“N: Detected dialect: W3C
[Test worker] INFO  - 
  _____   ___   ___   _____     ___     _     ___   ___   ___   ___  
 |_   _| | __| / __| |_   _|   | _ \   /_\   / __| / __| | __| |   \ 
   | |   | _|  \__ \   | |     |  _/  / _ \  \__ \ \__ \ | _|  | |) |
   |_|   |___| |___/   |_|     |_|   /_/ \_\ |___/ |___/ |___| |___/ 

Register Successful
----------------------------------------------------------------------
]]></system-err>
</testsuite>
