<?xml version="1.0" encoding="UTF-8"?>
<testsuite name="runners.PurchaseRunner" tests="0" skipped="0" failures="0" errors="0" timestamp="1970-01-01T00:00:00" hostname="DESKTOP-0AB3449" time="0.0">
  <properties/>
  <system-out><![CDATA[
?[31mFailed scenarios:?[0m
file:///C:/Users/User/Documents/GitHub/Automatizacion-Selenium/ScreenPlay/Projects/RepoSenaSoft/Bon-Bonnite/untitled/src/test/resources/features/purchase.feature:33 # buy many products
file:///C:/Users/User/Documents/GitHub/Automatizacion-Selenium/ScreenPlay/Projects/RepoSenaSoft/Bon-Bonnite/untitled/src/test/resources/features/purchase.feature:34 # buy many products
file:///C:/Users/User/Documents/GitHub/Automatizacion-Selenium/ScreenPlay/Projects/RepoSenaSoft/Bon-Bonnite/untitled/src/test/resources/features/purchase.feature:35 # buy many products
file:///C:/Users/User/Documents/GitHub/Automatizacion-Selenium/ScreenPlay/Projects/RepoSenaSoft/Bon-Bonnite/untitled/src/test/resources/features/purchase.feature:36 # buy many products

5 Scenarios (?[31m4 failed?[0m, ?[32m1 passed?[0m)
51 Steps (?[31m4 failed?[0m, ?[36m28 skipped?[0m, ?[32m19 passed?[0m)
3m24.653s


java.lang.NullPointerException
	at java.base/java.util.regex.Matcher.appendExpandedReplacement(Matcher.java:1015)
	at java.base/java.util.regex.Matcher.appendReplacement(Matcher.java:998)
	at java.base/java.util.regex.Matcher.replaceAll(Matcher.java:1182)
	at java.base/java.lang.String.replaceAll(String.java:2126)
	at net.serenitybdd.screenplay.targets.TargetSelectorWithVariables.resolvedWith(TargetSelectorWithVariables.java:17)
	at net.serenitybdd.screenplay.targets.XPathOrCssTarget.instantiated(XPathOrCssTarget.java:61)
	at net.serenitybdd.screenplay.targets.XPathOrCssTarget.of(XPathOrCssTarget.java:42)
	at tasks.PurchaseSuccessfulTask.performAs(PurchaseSuccessfulTask.java:24)
	at tasks.PurchaseSuccessfulTask$ByteBuddy$Wn0BxBMT.performAs$accessor$A2sXYEsd(Unknown Source)
	at java.base/jdk.internal.reflect.NativeMethodAccessorImpl.invoke0(Native Method)
	at java.base/jdk.internal.reflect.NativeMethodAccessorImpl.invoke(NativeMethodAccessorImpl.java:62)
	at java.base/jdk.internal.reflect.DelegatingMethodAccessorImpl.invoke(DelegatingMethodAccessorImpl.java:43)
	at java.base/java.lang.reflect.Method.invoke(Method.java:566)
	at net.thucydides.core.steps.StepInterceptor.invokeMethod(StepInterceptor.java:492)
	at net.thucydides.core.steps.StepInterceptor.executeTestStepMethod(StepInterceptor.java:472)
	at net.thucydides.core.steps.StepInterceptor.runTestStep(StepInterceptor.java:445)
	at net.thucydides.core.steps.StepInterceptor.runOrSkipMethod(StepInterceptor.java:201)
	at net.thucydides.core.steps.StepInterceptor.testStepResult(StepInterceptor.java:188)
	at net.thucydides.core.steps.StepInterceptor.intercept(StepInterceptor.java:76)
	at net.thucydides.core.steps.ProxyConfiguration$InterceptorDispatcher.intercept(ProxyConfiguration.java:51)
	at tasks.PurchaseSuccessfulTask$ByteBuddy$Wn0BxBMT.performAs(Unknown Source)
	at net.serenitybdd.screenplay.Actor.performTask(Actor.java:252)
	at net.serenitybdd.screenplay.Actor.perform(Actor.java:233)
	at net.serenitybdd.screenplay.Actor.attemptsTo(Actor.java:178)
	at stepsdefinitions.PurchaseStepDefinition.theUserIsInTheMainPageAndClicksOnSomeCategorie(PurchaseStepDefinition.java:49)
	at ?.the user is in the main page and clicks on some categorie(file:///C:/Users/User/Documents/GitHub/Automatizacion-Selenium/ScreenPlay/Projects/RepoSenaSoft/Bon-Bonnite/untitled/src/test/resources/features/purchase.feature:12)

java.lang.NullPointerException
	at java.base/java.util.regex.Matcher.appendExpandedReplacement(Matcher.java:1015)
	at java.base/java.util.regex.Matcher.appendReplacement(Matcher.java:998)
	at java.base/java.util.regex.Matcher.replaceAll(Matcher.java:1182)
	at java.base/java.lang.String.replaceAll(String.java:2126)
	at net.serenitybdd.screenplay.targets.TargetSelectorWithVariables.resolvedWith(TargetSelectorWithVariables.java:17)
	at net.serenitybdd.screenplay.targets.XPathOrCssTarget.instantiated(XPathOrCssTarget.java:61)
	at net.serenitybdd.screenplay.targets.XPathOrCssTarget.of(XPathOrCssTarget.java:42)
	at tasks.PurchaseSuccessfulTask.performAs(PurchaseSuccessfulTask.java:24)
	at tasks.PurchaseSuccessfulTask$ByteBuddy$Wn0BxBMT.performAs$accessor$A2sXYEsd(Unknown Source)
	at java.base/jdk.internal.reflect.NativeMethodAccessorImpl.invoke0(Native Method)
	at java.base/jdk.internal.reflect.NativeMethodAccessorImpl.invoke(NativeMethodAccessorImpl.java:62)
	at java.base/jdk.internal.reflect.DelegatingMethodAccessorImpl.invoke(DelegatingMethodAccessorImpl.java:43)
	at java.base/java.lang.reflect.Method.invoke(Method.java:566)
	at net.thucydides.core.steps.StepInterceptor.invokeMethod(StepInterceptor.java:492)
	at net.thucydides.core.steps.StepInterceptor.executeTestStepMethod(StepInterceptor.java:472)
	at net.thucydides.core.steps.StepInterceptor.runTestStep(StepInterceptor.java:445)
	at net.thucydides.core.steps.StepInterceptor.runOrSkipMethod(StepInterceptor.java:201)
	at net.thucydides.core.steps.StepInterceptor.testStepResult(StepInterceptor.java:188)
	at net.thucydides.core.steps.StepInterceptor.intercept(StepInterceptor.java:76)
	at net.thucydides.core.steps.ProxyConfiguration$InterceptorDispatcher.intercept(ProxyConfiguration.java:51)
	at tasks.PurchaseSuccessfulTask$ByteBuddy$Wn0BxBMT.performAs(Unknown Source)
	at net.serenitybdd.screenplay.Actor.performTask(Actor.java:252)
	at net.serenitybdd.screenplay.Actor.perform(Actor.java:233)
	at net.serenitybdd.screenplay.Actor.attemptsTo(Actor.java:178)
	at stepsdefinitions.PurchaseStepDefinition.theUserIsInTheMainPageAndClicksOnSomeCategorie(PurchaseStepDefinition.java:49)
	at ?.the user is in the main page and clicks on some categorie(file:///C:/Users/User/Documents/GitHub/Automatizacion-Selenium/ScreenPlay/Projects/RepoSenaSoft/Bon-Bonnite/untitled/src/test/resources/features/purchase.feature:12)

java.lang.NullPointerException
	at java.base/java.util.regex.Matcher.appendExpandedReplacement(Matcher.java:1015)
	at java.base/java.util.regex.Matcher.appendReplacement(Matcher.java:998)
	at java.base/java.util.regex.Matcher.replaceAll(Matcher.java:1182)
	at java.base/java.lang.String.replaceAll(String.java:2126)
	at net.serenitybdd.screenplay.targets.TargetSelectorWithVariables.resolvedWith(TargetSelectorWithVariables.java:17)
	at net.serenitybdd.screenplay.targets.XPathOrCssTarget.instantiated(XPathOrCssTarget.java:61)
	at net.serenitybdd.screenplay.targets.XPathOrCssTarget.of(XPathOrCssTarget.java:42)
	at tasks.PurchaseSuccessfulTask.performAs(PurchaseSuccessfulTask.java:24)
	at tasks.PurchaseSuccessfulTask$ByteBuddy$Wn0BxBMT.performAs$accessor$A2sXYEsd(Unknown Source)
	at java.base/jdk.internal.reflect.NativeMethodAccessorImpl.invoke0(Native Method)
	at java.base/jdk.internal.reflect.NativeMethodAccessorImpl.invoke(NativeMethodAccessorImpl.java:62)
	at java.base/jdk.internal.reflect.DelegatingMethodAccessorImpl.invoke(DelegatingMethodAccessorImpl.java:43)
	at java.base/java.lang.reflect.Method.invoke(Method.java:566)
	at net.thucydides.core.steps.StepInterceptor.invokeMethod(StepInterceptor.java:492)
	at net.thucydides.core.steps.StepInterceptor.executeTestStepMethod(StepInterceptor.java:472)
	at net.thucydides.core.steps.StepInterceptor.runTestStep(StepInterceptor.java:445)
	at net.thucydides.core.steps.StepInterceptor.runOrSkipMethod(StepInterceptor.java:201)
	at net.thucydides.core.steps.StepInterceptor.testStepResult(StepInterceptor.java:188)
	at net.thucydides.core.steps.StepInterceptor.intercept(StepInterceptor.java:76)
	at net.thucydides.core.steps.ProxyConfiguration$InterceptorDispatcher.intercept(ProxyConfiguration.java:51)
	at tasks.PurchaseSuccessfulTask$ByteBuddy$Wn0BxBMT.performAs(Unknown Source)
	at net.serenitybdd.screenplay.Actor.performTask(Actor.java:252)
	at net.serenitybdd.screenplay.Actor.perform(Actor.java:233)
	at net.serenitybdd.screenplay.Actor.attemptsTo(Actor.java:178)
	at stepsdefinitions.PurchaseStepDefinition.theUserIsInTheMainPageAndClicksOnSomeCategorie(PurchaseStepDefinition.java:49)
	at ?.the user is in the main page and clicks on some categorie(file:///C:/Users/User/Documents/GitHub/Automatizacion-Selenium/ScreenPlay/Projects/RepoSenaSoft/Bon-Bonnite/untitled/src/test/resources/features/purchase.feature:12)

java.lang.NullPointerException


]]></system-out>
  <system-err><![CDATA[[Test worker] INFO io.cucumber.core.plugin.SerenityReporter - Running feature from file:///C:/Users/User/Documents/GitHub/Automatizacion-Selenium/ScreenPlay/Projects/RepoSenaSoft/Bon-Bonnite/untitled/src/test/resources/features/purchase.feature
[Test worker] WARN io.cucumber.core.plugin.SerenityReporter - Feature from file:///C:/Users/User/Documents/GitHub/Automatizacion-Selenium/ScreenPlay/Projects/RepoSenaSoft/Bon-Bonnite/untitled/src/test/resources/features/purchase.feature is not under the 'features' directory. Requirements report will not be correctly generated!
[Test worker] INFO  - 

-------------------------------------------------------------------------------------
     _______. _______ .______       _______ .__   __.  __  .___________.____    ____ 
    /       ||   ____||   _  \     |   ____||  \ |  | |  | |           |\   \  /   / 
   |   (----`|  |__   |  |_)  |    |  |__   |   \|  | |  | `---|  |----` \   \/   /  
    \   \    |   __|  |      /     |   __|  |  . `  | |  |     |  |       \_    _/   
.----)   |   |  |____ |  |\  \----.|  |____ |  |\   | |  |     |  |         |  |     
|_______/    |_______|| _| `._____||_______||__| \__| |__|     |__|         |__|    
                                                                                     
 News and tutorials at http://www.serenity-bdd.info                                  
 Documentation at https://wakaleo.gitbooks.io/the-serenity-book/content/             
 Join the Serenity Community on Gitter: https://gitter.im/serenity-bdd/serenity-core 
 Serenity BDD Support and Training at http://serenity-bdd.info/#/trainingandsupport  
-------------------------------------------------------------------------------------

[Test worker] INFO  - Test Suite Started: purchase flow processes
[pool-1-thread-1] INFO net.thucydides.core.reports.ReportService - net.thucydides.core.reports.json.JSONTestOutcomeReporter@645c44fd: Generating report for test outcome: purchase flow processes:buy many products
[pool-1-thread-2] INFO net.thucydides.core.reports.ReportService - net.thucydides.core.reports.json.JSONTestOutcomeReporter@645c44fd: Generating report for test outcome: purchase flow processes:buy shoes
[pool-2-thread-2] INFO net.thucydides.core.reports.ReportService - net.thucydides.core.reports.html.HtmlAcceptanceTestReporter@49d7823f: Generating report for test outcome: purchase flow processes:buy shoes
[pool-2-thread-1] INFO net.thucydides.core.reports.ReportService - net.thucydides.core.reports.html.HtmlAcceptanceTestReporter@49d7823f: Generating report for test outcome: purchase flow processes:buy many products
]]></system-err>
</testsuite>
